[20/04/2026  7:44:17,09] Iniciando script Python... 
Arquivo existente. Ultimo sorteio: 2997. Começando do: 2998
Atualizando do sorteio 2998 até 2998
Sorteio [2998] salvo.
[20/04/2026  7:44:24,32] Python finalizado com sucesso. Iniciando Git Push... 
[main c142069] Auto-commit: atualizacao via script em 20/04/2026  7:44:24,44
 1 file changed, 21 insertions(+)
To https://github.com/danielmazzeudev/api_megasena.git
   b97a8fa..c142069  main -> main
[20/04/2026  7:44:26,89] Git push concluido com sucesso! 
[20/04/2026  7:45:10,94] Iniciando script Python... 
Arquivo existente. Ultimo sorteio: 2998. Começando do: 2999
Histórico já está atualizado.
[20/04/2026  7:45:13,78] Python finalizado com sucesso. Iniciando Git Push... 
[20/04/2026  7:45:13,86] Nenhuma mudanca detectada. Pulando push. 
[20/04/2026  9:00:01,01] Iniciando script Python... 
Arquivo existente. Ultimo sorteio: 2998. Começando do: 2999
Histórico já está atualizado.
[20/04/2026  9:00:04,09] Python finalizado com sucesso. Iniciando Git Push... 
[20/04/2026  9:00:04,19] Nenhuma mudanca detectada. Pulando push. 
[21/04/2026  9:00:02,42] Iniciando script Python... 
Arquivo existente. Ultimo sorteio: 2998. Começando do: 2999
Histórico já está atualizado.
[21/04/2026  9:00:07,35] Python finalizado com sucesso. Iniciando Git Push... 
[21/04/2026  9:00:07,49] Nenhuma mudanca detectada. Pulando push. 
[22/04/2026  9:00:01,87] Iniciando script Python... 
Arquivo existente. Ultimo sorteio: 2998. Começando do: 2999
Histórico já está atualizado.
[22/04/2026  9:00:05,69] Python finalizado com sucesso. Iniciando Git Push... 
[22/04/2026  9:00:05,80] Nenhuma mudanca detectada. Pulando push. 
[23/04/2026  9:00:02,24] Iniciando script Python... 
Arquivo existente. Ultimo sorteio: 2998. Começando do: 2999
Histórico já está atualizado.
[23/04/2026  9:00:07,13] Python finalizado com sucesso. Iniciando Git Push... 
[23/04/2026  9:00:07,27] Nenhuma mudanca detectada. Pulando push. 
[24/04/2026  9:00:02,18] Iniciando script Python... 
Arquivo existente. Ultimo sorteio: 2998. Começando do: 2999
Atualizando do sorteio 2999 até 2999
Sorteio [2999] salvo.
[24/04/2026  9:00:06,59] Python finalizado com sucesso. Iniciando Git Push... 
[main 6ef68e3] Auto-commit: atualizacao via script em 24/04/2026  9:00:06,78
 1 file changed, 21 insertions(+)
remote: error: GH007: Your push would publish a private email address.        
remote: You can make your email public or disable this protection by visiting:        
remote: https://github.com/settings/emails        
To https://github.com/danielmazzeudev/api_megasena.git
 ! [remote rejected] main -> main (push declined due to email privacy restrictions)
error: failed to push some refs to 'https://github.com/danielmazzeudev/api_megasena.git'
[24/04/2026  9:00:14,76] Erro no git push. 
[25/04/2026 10:02:58,93] Iniciando script Python... 
Arquivo existente. Ultimo sorteio: 2999. Começando do: 3000
Histórico já está atualizado.
[25/04/2026 10:03:02,74] Python finalizado com sucesso. Iniciando Git Push... 
[25/04/2026 10:03:02,84] Nenhuma mudanca detectada. Pulando push. 
[26/04/2026  9:00:02,00] Iniciando script Python... 
Arquivo existente. Ultimo sorteio: 2999. Começando do: 3000
Atualizando do sorteio 3000 até 3000
Sorteio [3000] salvo.
[26/04/2026  9:00:06,34] Python finalizado com sucesso. Iniciando Git Push... 
[main 6a0c6cb] Auto-commit: atualizacao via script em 26/04/2026  9:00:06,48
 1 file changed, 21 insertions(+)
remote: error: GH007: Your push would publish a private email address.        
remote: You can make your email public or disable this protection by visiting:        
remote: https://github.com/settings/emails        
To https://github.com/danielmazzeudev/api_megasena.git
 ! [remote rejected] main -> main (push declined due to email privacy restrictions)
error: failed to push some refs to 'https://github.com/danielmazzeudev/api_megasena.git'
[26/04/2026  9:00:08,29] Erro no git push. 
[26/04/2026 10:45:56,50] Iniciando script Python... 
Arquivo existente. Ultimo sorteio: 3000. Começando do: 3001
Histórico já está atualizado.
[26/04/2026 10:45:59,23] Python finalizado com sucesso. Iniciando Git Push... 
[26/04/2026 10:45:59,35] Nenhuma mudanca detectada. Pulando push. 
